  game.cpp
c:\users\renji\source\repos\c++ coursework\c++ coursework\game.cpp(33): error C2228: left of '.move_north' must have class/struct/union
  c:\users\renji\source\repos\c++ coursework\c++ coursework\game.cpp(33): note: type is '_Ty2'
          with
          [
              _Ty2=robot *
          ]
  c:\users\renji\source\repos\c++ coursework\c++ coursework\game.cpp(33): note: did you intend to use '->' instead?
c:\users\renji\source\repos\c++ coursework\c++ coursework\game.cpp(60): error C3867: 'std::_Tree<std::_Tmap_traits<_Kty,_Ty,_Pr,_Alloc,false>>::begin': non-standard syntax; use '&' to create a pointer to member
          with
          [
              _Kty=std::string,
              _Ty=robot *,
              _Pr=std::less<std::string>,
              _Alloc=std::allocator<std::pair<const std::string,robot *>>
          ]
c:\users\renji\source\repos\c++ coursework\c++ coursework\game.cpp(60): error C2678: binary '!=': no operator found which takes a left-hand operand of type 'std::_Tree_iterator<std::_Tree_val<std::_Tree_simple_types<_Ty>>>' (or there is no acceptable conversion)
          with
          [
              _Ty=std::pair<const std::string,robot>
          ]
  c:\program files (x86)\microsoft visual studio\2017\enterprise\vc\tools\msvc\14.15.26726\include\xtree(281): note: could be 'bool std::_Tree_const_iterator<std::_Tree_val<std::_Tree_simple_types<_Ty>>>::operator !=(const std::_Tree_const_iterator<std::_Tree_val<std::_Tree_simple_types<_Ty>>> &) const'
          with
          [
              _Ty=std::pair<const std::string,robot>
          ]
  c:\program files (x86)\microsoft visual studio\2017\enterprise\vc\tools\msvc\14.15.26726\include\system_error(306): note: or       'bool std::operator !=(const std::error_condition &,const std::error_condition &) noexcept'
  c:\program files (x86)\microsoft visual studio\2017\enterprise\vc\tools\msvc\14.15.26726\include\system_error(301): note: or       'bool std::operator !=(const std::error_condition &,const std::error_code &) noexcept'
  c:\program files (x86)\microsoft visual studio\2017\enterprise\vc\tools\msvc\14.15.26726\include\system_error(296): note: or       'bool std::operator !=(const std::error_code &,const std::error_condition &) noexcept'
  c:\program files (x86)\microsoft visual studio\2017\enterprise\vc\tools\msvc\14.15.26726\include\system_error(291): note: or       'bool std::operator !=(const std::error_code &,const std::error_code &) noexcept'
  c:\program files (x86)\microsoft visual studio\2017\enterprise\vc\tools\msvc\14.15.26726\include\exception(346): note: or       'bool std::operator !=(const std::exception_ptr &,std::nullptr_t) noexcept'
  c:\program files (x86)\microsoft visual studio\2017\enterprise\vc\tools\msvc\14.15.26726\include\exception(341): note: or       'bool std::operator !=(std::nullptr_t,const std::exception_ptr &) noexcept'
  c:\program files (x86)\microsoft visual studio\2017\enterprise\vc\tools\msvc\14.15.26726\include\exception(336): note: or       'bool std::operator !=(const std::exception_ptr &,const std::exception_ptr &) noexcept'
  c:\users\renji\source\repos\c++ coursework\c++ coursework\game.cpp(60): note: while trying to match the argument list '(std::_Tree_iterator<std::_Tree_val<std::_Tree_simple_types<_Ty>>>, std::_Tree_const_iterator<std::_Tree_val<std::_Tree_simple_types<_Ty>>>)'
          with
          [
              _Ty=std::pair<const std::string,robot>
          ]
          and
          [
              _Ty=std::pair<const std::string,robot *>
          ]
c:\users\renji\source\repos\c++ coursework\c++ coursework\game.cpp(61): error C2352: 'robot::distance': illegal call of non-static member function
  c:\users\renji\source\repos\c++ coursework\c++ coursework\robot.cpp(55): note: see declaration of 'robot::distance'
c:\users\renji\source\repos\c++ coursework\c++ coursework\game.cpp(73): error C2672: 'distance': no matching overloaded function found
c:\users\renji\source\repos\c++ coursework\c++ coursework\game.cpp(73): error C2780: 'iterator_traits<_Iter>::difference_type std::distance(_InIt,_InIt)': expects 2 arguments - 1 provided
  c:\program files (x86)\microsoft visual studio\2017\enterprise\vc\tools\msvc\14.15.26726\include\xutility(1239): note: see declaration of 'std::distance'
c:\users\renji\source\repos\c++ coursework\c++ coursework\game.cpp(74): error C2672: 'distance': no matching overloaded function found
c:\users\renji\source\repos\c++ coursework\c++ coursework\game.cpp(74): error C2780: 'iterator_traits<_Iter>::difference_type std::distance(_InIt,_InIt)': expects 2 arguments - 1 provided
  c:\program files (x86)\microsoft visual studio\2017\enterprise\vc\tools\msvc\14.15.26726\include\xutility(1239): note: see declaration of 'std::distance'
c:\users\renji\source\repos\c++ coursework\c++ coursework\game.cpp(84): error C2672: 'distance': no matching overloaded function found
c:\users\renji\source\repos\c++ coursework\c++ coursework\game.cpp(84): error C2780: 'iterator_traits<_Iter>::difference_type std::distance(_InIt,_InIt)': expects 2 arguments - 1 provided
  c:\program files (x86)\microsoft visual studio\2017\enterprise\vc\tools\msvc\14.15.26726\include\xutility(1239): note: see declaration of 'std::distance'
c:\users\renji\source\repos\c++ coursework\c++ coursework\game.cpp(85): error C2672: 'distance': no matching overloaded function found
c:\users\renji\source\repos\c++ coursework\c++ coursework\game.cpp(85): error C2780: 'iterator_traits<_Iter>::difference_type std::distance(_InIt,_InIt)': expects 2 arguments - 1 provided
  c:\program files (x86)\microsoft visual studio\2017\enterprise\vc\tools\msvc\14.15.26726\include\xutility(1239): note: see declaration of 'std::distance'
c:\users\renji\source\repos\c++ coursework\c++ coursework\game.cpp(95): error C2664: 'void std::vector<robot,std::allocator<_Ty>>::push_back(_Ty &&)': cannot convert argument 1 from 'const _Ty2' to 'const _Ty &'
          with
          [
              _Ty=robot
          ]
          and
          [
              _Ty2=robot *
          ]
          and
          [
              _Ty=robot
          ]
  c:\users\renji\source\repos\c++ coursework\c++ coursework\game.cpp(95): note: Reason: cannot convert from 'const _Ty2' to 'const _Ty'
          with
          [
              _Ty2=robot *
          ]
          and
          [
              _Ty=robot
          ]
  c:\users\renji\source\repos\c++ coursework\c++ coursework\game.cpp(95): note: No constructor could take the source type, or constructor overload resolution was ambiguous
c:\users\renji\source\repos\c++ coursework\c++ coursework\game.cpp(98): error C2672: 'distance': no matching overloaded function found
c:\users\renji\source\repos\c++ coursework\c++ coursework\game.cpp(98): error C2780: 'iterator_traits<_Iter>::difference_type std::distance(_InIt,_InIt)': expects 2 arguments - 1 provided
  c:\program files (x86)\microsoft visual studio\2017\enterprise\vc\tools\msvc\14.15.26726\include\xutility(1239): note: see declaration of 'std::distance'
